<?xml version="1.0" encoding="UTF-8"?>
<coverage generated="1653692230941" clover="3.2.0">
  <project timestamp="1653692230941" name="All files">
    <metrics statements="13" coveredstatements="10" conditionals="4" coveredconditionals="2" methods="6" coveredmethods="6" elements="23" coveredelements="18" complexity="0" loc="13" ncloc="13" packages="2" files="2" classes="2"/>
    <package name="src">
      <metrics statements="7" coveredstatements="7" conditionals="0" coveredconditionals="0" methods="4" coveredmethods="4"/>
      <file name="utilities.js" path="/Users/diegodalairac/Documents/GitHub/vue-js-testing-and-debugging/src/utilities.js">
        <metrics statements="7" coveredstatements="7" conditionals="0" coveredconditionals="0" methods="4" coveredmethods="4"/>
        <line num="2" count="4" type="stmt"/>
        <line num="5" count="4" type="stmt"/>
        <line num="13" count="4" type="stmt"/>
        <line num="21" count="1" type="stmt"/>
        <line num="22" count="1" type="stmt"/>
        <line num="23" count="1" type="stmt"/>
        <line num="28" count="4" type="stmt"/>
      </file>
    </package>
    <package name="src.views">
      <metrics statements="6" coveredstatements="3" conditionals="4" coveredconditionals="2" methods="2" coveredmethods="2"/>
      <file name="Home.vue" path="/Users/diegodalairac/Documents/GitHub/vue-js-testing-and-debugging/src/views/Home.vue">
        <metrics statements="6" coveredstatements="3" conditionals="4" coveredconditionals="2" methods="2" coveredmethods="2"/>
        <line num="66" count="1" type="stmt"/>
        <line num="77" count="1" type="cond" truecount="2" falsecount="2"/>
        <line num="79" count="0" type="stmt"/>
        <line num="123" count="0" type="stmt"/>
        <line num="125" count="0" type="stmt"/>
        <line num="127" count="1" type="stmt"/>
      </file>
    </package>
  </project>
</coverage>
