{"/Users/diegodalairac/Documents/GitHub/vue-js-testing-and-debugging/src/utilities.js": {"path":"/Users/diegodalairac/Documents/GitHub/vue-js-testing-and-debugging/src/utilities.js","statementMap":{"0":{"start":{"line":2,"column":4},"end":{"line":2,"column":17}},"1":{"start":{"line":5,"column":26},"end":{"line":11,"column":1}},"2":{"start":{"line":13,"column":14},"end":{"line":18,"column":1}},"3":{"start":{"line":21,"column":4},"end":{"line":25,"column":6}},"4":{"start":{"line":22,"column":8},"end":{"line":24,"column":16}},"5":{"start":{"line":23,"column":12},"end":{"line":23,"column":35}},"6":{"start":{"line":28,"column":0},"end":{"line":33,"column":1}}},"fnMap":{"0":{"name":"addNumbers","decl":{"start":{"line":1,"column":9},"end":{"line":1,"column":19}},"loc":{"start":{"line":1,"column":26},"end":{"line":3,"column":1}},"line":1},"1":{"name":"asyncPrint","decl":{"start":{"line":20,"column":9},"end":{"line":20,"column":19}},"loc":{"start":{"line":20,"column":22},"end":{"line":26,"column":1}},"line":20},"2":{"name":"(anonymous_2)","decl":{"start":{"line":21,"column":23},"end":{"line":21,"column":24}},"loc":{"start":{"line":21,"column":44},"end":{"line":25,"column":5}},"line":21},"3":{"name":"(anonymous_3)","decl":{"start":{"line":22,"column":19},"end":{"line":22,"column":20}},"loc":{"start":{"line":22,"column":24},"end":{"line":24,"column":9}},"line":22}},"branchMap":{},"s":{"0":4,"1":4,"2":4,"3":1,"4":1,"5":1,"6":4},"f":{"0":4,"1":1,"2":1,"3":1},"b":{},"_coverageSchema":"1a1c01bbd47fc00a2c39e90264f33305004495a9","hash":"0dbfe1c914afb6385c1a517ae5ffcbf6fe3b22f7"}
,"/Users/diegodalairac/Documents/GitHub/vue-js-testing-and-debugging/src/views/Home.vue": {"path":"/Users/diegodalairac/Documents/GitHub/vue-js-testing-and-debugging/src/views/Home.vue","statementMap":{"0":{"start":{"line":66,"column":0},"end":{"line":66,"column":null}},"1":{"start":{"line":77,"column":0},"end":{"line":128,"column":null}},"2":{"start":{"line":79,"column":0},"end":{"line":79,"column":null}},"3":{"start":{"line":123,"column":0},"end":{"line":123,"column":null}},"4":{"start":{"line":125,"column":0},"end":{"line":125,"column":null}},"5":{"start":{"line":127,"column":0},"end":{"line":127,"column":null}}},"fnMap":{"0":{"name":"(anonymous_1)","decl":{"start":{"line":65,"column":0},"end":{"line":65,"column":null}},"loc":{"start":{"line":65,"column":0},"end":{"line":71,"column":null}}},"1":{"name":"(anonymous_2)","decl":{"start":{"line":76,"column":0},"end":{"line":76,"column":null}},"loc":{"start":{"line":76,"column":0},"end":{"line":130,"column":null}}}},"branchMap":{"0":{"loc":{"start":{"line":77,"column":0},"end":{"line":128,"column":null}},"type":"if","locations":[{"start":{"line":77,"column":0},"end":{"line":128,"column":null}},{"start":{"line":126,"column":0},"end":{"line":128,"column":null}}]},"1":{"loc":{"start":{"line":77,"column":0},"end":{"line":77,"column":null}},"type":"binary-expr","locations":[{"start":{"line":77,"column":0},"end":{"line":77,"column":null}},{"start":{"line":77,"column":0},"end":{"line":77,"column":null}}]}},"s":{"0":1,"1":1,"2":0,"3":0,"4":0,"5":1},"f":{"0":1,"1":1},"b":{"0":[0,1],"1":[1,0]}}
}
