TN:
SF:src/utilities.js
FN:1,addNumbers
FN:20,asyncPrint
FN:21,(anonymous_2)
FN:22,(anonymous_3)
FNF:4
FNH:4
FNDA:4,addNumbers
FNDA:1,asyncPrint
FNDA:1,(anonymous_2)
FNDA:1,(anonymous_3)
DA:2,4
DA:5,4
DA:13,4
DA:21,1
DA:22,1
DA:23,1
DA:28,4
LF:7
LH:7
BRF:0
BRH:0
end_of_record
TN:
SF:src/views/Home.vue
FN:65,(anonymous_1)
FN:76,(anonymous_2)
FNF:2
FNH:2
FNDA:1,(anonymous_1)
FNDA:1,(anonymous_2)
DA:66,1
DA:77,1
DA:79,0
DA:123,0
DA:125,0
DA:127,1
LF:6
LH:3
BRDA:77,0,0,0
BRDA:77,0,1,1
BRDA:77,1,0,1
BRDA:77,1,1,0
BRF:4
BRH:2
end_of_record
